<?xml version="1.0" encoding="UTF-8"?>
<testsuite xmlns:xsi="http://www.w3.org/2001/XMLSchema-instance" xsi:noNamespaceSchemaLocation="https://maven.apache.org/surefire/maven-surefire-plugin/xsd/surefire-test-report.xsd" name="com.xzf.springboot.CampusPartTimeInformationSystemApplicationTests" time="4.613" tests="1" errors="0" skipped="0" failures="0">
  <properties>
    <property name="sun.desktop" value="windows"/>
    <property name="awt.toolkit" value="sun.awt.windows.WToolkit"/>
    <property name="file.encoding.pkg" value="sun.io"/>
    <property name="java.specification.version" value="1.8"/>
    <property name="sun.cpu.isalist" value="amd64"/>
    <property name="sun.jnu.encoding" value="GBK"/>
    <property name="java.class.path" value="D:\spring boot\CampusPart-timeInformationSystem\target\test-classes;D:\spring boot\CampusPart-timeInformationSystem\target\classes;D:\javaweb\apache-maven-3.8.4\maven-repo\org\springframework\boot\spring-boot-starter-data-mongodb\2.7.5\spring-boot-starter-data-mongodb-2.7.5.jar;D:\javaweb\apache-maven-3.8.4\maven-repo\org\springframework\boot\spring-boot-starter\2.7.5\spring-boot-starter-2.7.5.jar;D:\javaweb\apache-maven-3.8.4\maven-repo\org\springframework\boot\spring-boot\2.7.5\spring-boot-2.7.5.jar;D:\javaweb\apache-maven-3.8.4\maven-repo\org\springframework\boot\spring-boot-autoconfigure\2.7.5\spring-boot-autoconfigure-2.7.5.jar;D:\javaweb\apache-maven-3.8.4\maven-repo\org\springframework\boot\spring-boot-starter-logging\2.7.5\spring-boot-starter-logging-2.7.5.jar;D:\javaweb\apache-maven-3.8.4\maven-repo\ch\qos\logback\logback-classic\1.2.11\logback-classic-1.2.11.jar;D:\javaweb\apache-maven-3.8.4\maven-repo\ch\qos\logback\logback-core\1.2.11\logback-core-1.2.11.jar;D:\javaweb\apache-maven-3.8.4\maven-repo\org\apache\logging\log4j\log4j-to-slf4j\2.17.2\log4j-to-slf4j-2.17.2.jar;D:\javaweb\apache-maven-3.8.4\maven-repo\org\apache\logging\log4j\log4j-api\2.17.2\log4j-api-2.17.2.jar;D:\javaweb\apache-maven-3.8.4\maven-repo\org\slf4j\jul-to-slf4j\1.7.36\jul-to-slf4j-1.7.36.jar;D:\javaweb\apache-maven-3.8.4\maven-repo\jakarta\annotation\jakarta.annotation-api\1.3.5\jakarta.annotation-api-1.3.5.jar;D:\javaweb\apache-maven-3.8.4\maven-repo\org\yaml\snakeyaml\1.30\snakeyaml-1.30.jar;D:\javaweb\apache-maven-3.8.4\maven-repo\org\mongodb\mongodb-driver-sync\4.6.1\mongodb-driver-sync-4.6.1.jar;D:\javaweb\apache-maven-3.8.4\maven-repo\org\mongodb\bson\4.6.1\bson-4.6.1.jar;D:\javaweb\apache-maven-3.8.4\maven-repo\org\mongodb\mongodb-driver-core\4.6.1\mongodb-driver-core-4.6.1.jar;D:\javaweb\apache-maven-3.8.4\maven-repo\org\mongodb\bson-record-codec\4.6.1\bson-record-codec-4.6.1.jar;D:\javaweb\apache-maven-3.8.4\maven-repo\org\springframework\data\spring-data-mongodb\3.4.5\spring-data-mongodb-3.4.5.jar;D:\javaweb\apache-maven-3.8.4\maven-repo\org\springframework\spring-tx\5.3.23\spring-tx-5.3.23.jar;D:\javaweb\apache-maven-3.8.4\maven-repo\org\springframework\data\spring-data-commons\2.7.5\spring-data-commons-2.7.5.jar;D:\javaweb\apache-maven-3.8.4\maven-repo\org\slf4j\slf4j-api\1.7.36\slf4j-api-1.7.36.jar;D:\javaweb\apache-maven-3.8.4\maven-repo\org\springframework\boot\spring-boot-starter-test\2.7.5\spring-boot-starter-test-2.7.5.jar;D:\javaweb\apache-maven-3.8.4\maven-repo\org\springframework\boot\spring-boot-test\2.7.5\spring-boot-test-2.7.5.jar;D:\javaweb\apache-maven-3.8.4\maven-repo\org\springframework\boot\spring-boot-test-autoconfigure\2.7.5\spring-boot-test-autoconfigure-2.7.5.jar;D:\javaweb\apache-maven-3.8.4\maven-repo\com\jayway\jsonpath\json-path\2.7.0\json-path-2.7.0.jar;D:\javaweb\apache-maven-3.8.4\maven-repo\net\minidev\json-smart\2.4.8\json-smart-2.4.8.jar;D:\javaweb\apache-maven-3.8.4\maven-repo\net\minidev\accessors-smart\2.4.8\accessors-smart-2.4.8.jar;D:\javaweb\apache-maven-3.8.4\maven-repo\org\ow2\asm\asm\9.1\asm-9.1.jar;D:\javaweb\apache-maven-3.8.4\maven-repo\jakarta\xml\bind\jakarta.xml.bind-api\2.3.3\jakarta.xml.bind-api-2.3.3.jar;D:\javaweb\apache-maven-3.8.4\maven-repo\jakarta\activation\jakarta.activation-api\1.2.2\jakarta.activation-api-1.2.2.jar;D:\javaweb\apache-maven-3.8.4\maven-repo\org\assertj\assertj-core\3.22.0\assertj-core-3.22.0.jar;D:\javaweb\apache-maven-3.8.4\maven-repo\org\hamcrest\hamcrest\2.2\hamcrest-2.2.jar;D:\javaweb\apache-maven-3.8.4\maven-repo\org\junit\jupiter\junit-jupiter\5.8.2\junit-jupiter-5.8.2.jar;D:\javaweb\apache-maven-3.8.4\maven-repo\org\junit\jupiter\junit-jupiter-api\5.8.2\junit-jupiter-api-5.8.2.jar;D:\javaweb\apache-maven-3.8.4\maven-repo\org\opentest4j\opentest4j\1.2.0\opentest4j-1.2.0.jar;D:\javaweb\apache-maven-3.8.4\maven-repo\org\junit\platform\junit-platform-commons\1.8.2\junit-platform-commons-1.8.2.jar;D:\javaweb\apache-maven-3.8.4\maven-repo\org\apiguardian\apiguardian-api\1.1.2\apiguardian-api-1.1.2.jar;D:\javaweb\apache-maven-3.8.4\maven-repo\org\junit\jupiter\junit-jupiter-params\5.8.2\junit-jupiter-params-5.8.2.jar;D:\javaweb\apache-maven-3.8.4\maven-repo\org\junit\jupiter\junit-jupiter-engine\5.8.2\junit-jupiter-engine-5.8.2.jar;D:\javaweb\apache-maven-3.8.4\maven-repo\org\junit\platform\junit-platform-engine\1.8.2\junit-platform-engine-1.8.2.jar;D:\javaweb\apache-maven-3.8.4\maven-repo\org\mockito\mockito-core\4.5.1\mockito-core-4.5.1.jar;D:\javaweb\apache-maven-3.8.4\maven-repo\net\bytebuddy\byte-buddy\1.12.18\byte-buddy-1.12.18.jar;D:\javaweb\apache-maven-3.8.4\maven-repo\net\bytebuddy\byte-buddy-agent\1.12.18\byte-buddy-agent-1.12.18.jar;D:\javaweb\apache-maven-3.8.4\maven-repo\org\objenesis\objenesis\3.2\objenesis-3.2.jar;D:\javaweb\apache-maven-3.8.4\maven-repo\org\mockito\mockito-junit-jupiter\4.5.1\mockito-junit-jupiter-4.5.1.jar;D:\javaweb\apache-maven-3.8.4\maven-repo\org\skyscreamer\jsonassert\1.5.1\jsonassert-1.5.1.jar;D:\javaweb\apache-maven-3.8.4\maven-repo\com\vaadin\external\google\android-json\0.0.20131108.vaadin1\android-json-0.0.20131108.vaadin1.jar;D:\javaweb\apache-maven-3.8.4\maven-repo\org\springframework\spring-core\5.3.23\spring-core-5.3.23.jar;D:\javaweb\apache-maven-3.8.4\maven-repo\org\springframework\spring-jcl\5.3.23\spring-jcl-5.3.23.jar;D:\javaweb\apache-maven-3.8.4\maven-repo\org\springframework\spring-test\5.3.23\spring-test-5.3.23.jar;D:\javaweb\apache-maven-3.8.4\maven-repo\org\xmlunit\xmlunit-core\2.9.0\xmlunit-core-2.9.0.jar;D:\javaweb\apache-maven-3.8.4\maven-repo\org\springframework\boot\spring-boot-starter-thymeleaf\2.7.5\spring-boot-starter-thymeleaf-2.7.5.jar;D:\javaweb\apache-maven-3.8.4\maven-repo\org\thymeleaf\thymeleaf-spring5\3.0.15.RELEASE\thymeleaf-spring5-3.0.15.RELEASE.jar;D:\javaweb\apache-maven-3.8.4\maven-repo\org\thymeleaf\thymeleaf\3.0.15.RELEASE\thymeleaf-3.0.15.RELEASE.jar;D:\javaweb\apache-maven-3.8.4\maven-repo\org\attoparser\attoparser\2.0.5.RELEASE\attoparser-2.0.5.RELEASE.jar;D:\javaweb\apache-maven-3.8.4\maven-repo\org\unbescape\unbescape\1.1.6.RELEASE\unbescape-1.1.6.RELEASE.jar;D:\javaweb\apache-maven-3.8.4\maven-repo\org\thymeleaf\extras\thymeleaf-extras-java8time\3.0.4.RELEASE\thymeleaf-extras-java8time-3.0.4.RELEASE.jar;D:\javaweb\apache-maven-3.8.4\maven-repo\org\springframework\boot\spring-boot-starter-jdbc\2.7.5\spring-boot-starter-jdbc-2.7.5.jar;D:\javaweb\apache-maven-3.8.4\maven-repo\com\zaxxer\HikariCP\4.0.3\HikariCP-4.0.3.jar;D:\javaweb\apache-maven-3.8.4\maven-repo\org\springframework\spring-jdbc\5.3.23\spring-jdbc-5.3.23.jar;D:\javaweb\apache-maven-3.8.4\maven-repo\org\springframework\boot\spring-boot-starter-web\2.7.5\spring-boot-starter-web-2.7.5.jar;D:\javaweb\apache-maven-3.8.4\maven-repo\org\springframework\boot\spring-boot-starter-json\2.7.5\spring-boot-starter-json-2.7.5.jar;D:\javaweb\apache-maven-3.8.4\maven-repo\com\fasterxml\jackson\core\jackson-databind\2.13.4.2\jackson-databind-2.13.4.2.jar;D:\javaweb\apache-maven-3.8.4\maven-repo\com\fasterxml\jackson\core\jackson-annotations\2.13.4\jackson-annotations-2.13.4.jar;D:\javaweb\apache-maven-3.8.4\maven-repo\com\fasterxml\jackson\core\jackson-core\2.13.4\jackson-core-2.13.4.jar;D:\javaweb\apache-maven-3.8.4\maven-repo\com\fasterxml\jackson\datatype\jackson-datatype-jdk8\2.13.4\jackson-datatype-jdk8-2.13.4.jar;D:\javaweb\apache-maven-3.8.4\maven-repo\com\fasterxml\jackson\datatype\jackson-datatype-jsr310\2.13.4\jackson-datatype-jsr310-2.13.4.jar;D:\javaweb\apache-maven-3.8.4\maven-repo\com\fasterxml\jackson\module\jackson-module-parameter-names\2.13.4\jackson-module-parameter-names-2.13.4.jar;D:\javaweb\apache-maven-3.8.4\maven-repo\org\springframework\boot\spring-boot-starter-tomcat\2.7.5\spring-boot-starter-tomcat-2.7.5.jar;D:\javaweb\apache-maven-3.8.4\maven-repo\org\apache\tomcat\embed\tomcat-embed-core\9.0.68\tomcat-embed-core-9.0.68.jar;D:\javaweb\apache-maven-3.8.4\maven-repo\org\apache\tomcat\embed\tomcat-embed-el\9.0.68\tomcat-embed-el-9.0.68.jar;D:\javaweb\apache-maven-3.8.4\maven-repo\org\apache\tomcat\embed\tomcat-embed-websocket\9.0.68\tomcat-embed-websocket-9.0.68.jar;D:\javaweb\apache-maven-3.8.4\maven-repo\org\springframework\spring-web\5.3.23\spring-web-5.3.23.jar;D:\javaweb\apache-maven-3.8.4\maven-repo\org\springframework\spring-webmvc\5.3.23\spring-webmvc-5.3.23.jar;D:\javaweb\apache-maven-3.8.4\maven-repo\com\mysql\mysql-connector-j\8.0.31\mysql-connector-j-8.0.31.jar;D:\javaweb\apache-maven-3.8.4\maven-repo\org\mybatis\spring\boot\mybatis-spring-boot-starter\2.2.0\mybatis-spring-boot-starter-2.2.0.jar;D:\javaweb\apache-maven-3.8.4\maven-repo\org\mybatis\spring\boot\mybatis-spring-boot-autoconfigure\2.2.0\mybatis-spring-boot-autoconfigure-2.2.0.jar;D:\javaweb\apache-maven-3.8.4\maven-repo\org\mybatis\mybatis\3.5.7\mybatis-3.5.7.jar;D:\javaweb\apache-maven-3.8.4\maven-repo\org\mybatis\mybatis-spring\2.0.6\mybatis-spring-2.0.6.jar;D:\javaweb\apache-maven-3.8.4\maven-repo\org\projectlombok\lombok\1.18.24\lombok-1.18.24.jar;D:\javaweb\apache-maven-3.8.4\maven-repo\org\springframework\security\spring-security-web\5.7.4\spring-security-web-5.7.4.jar;D:\javaweb\apache-maven-3.8.4\maven-repo\org\springframework\security\spring-security-core\5.7.4\spring-security-core-5.7.4.jar;D:\javaweb\apache-maven-3.8.4\maven-repo\org\springframework\security\spring-security-crypto\5.7.4\spring-security-crypto-5.7.4.jar;D:\javaweb\apache-maven-3.8.4\maven-repo\org\springframework\spring-aop\5.3.23\spring-aop-5.3.23.jar;D:\javaweb\apache-maven-3.8.4\maven-repo\org\springframework\spring-beans\5.3.23\spring-beans-5.3.23.jar;D:\javaweb\apache-maven-3.8.4\maven-repo\org\springframework\spring-context\5.3.23\spring-context-5.3.23.jar;D:\javaweb\apache-maven-3.8.4\maven-repo\org\springframework\spring-expression\5.3.23\spring-expression-5.3.23.jar;D:\javaweb\apache-maven-3.8.4\maven-repo\com\github\pagehelper\pagehelper-spring-boot-starter\1.4.3\pagehelper-spring-boot-starter-1.4.3.jar;D:\javaweb\apache-maven-3.8.4\maven-repo\com\github\pagehelper\pagehelper-spring-boot-autoconfigure\1.4.3\pagehelper-spring-boot-autoconfigure-1.4.3.jar;D:\javaweb\apache-maven-3.8.4\maven-repo\com\github\pagehelper\pagehelper\5.3.1\pagehelper-5.3.1.jar;D:\javaweb\apache-maven-3.8.4\maven-repo\com\github\jsqlparser\jsqlparser\4.2\jsqlparser-4.2.jar;D:\javaweb\apache-maven-3.8.4\maven-repo\javax\activation\activation\1.1.1\activation-1.1.1.jar;D:\javaweb\apache-maven-3.8.4\maven-repo\org\apache\commons\commons-email\1.4\commons-email-1.4.jar;D:\javaweb\apache-maven-3.8.4\maven-repo\com\sun\mail\javax.mail\1.5.2\javax.mail-1.5.2.jar;D:\javaweb\apache-maven-3.8.4\maven-repo\javax\mail\mail\1.4.1\mail-1.4.1.jar;"/>
    <property name="java.vm.vendor" value="Oracle Corporation"/>
    <property name="sun.arch.data.model" value="64"/>
    <property name="user.variant" value=""/>
    <property name="java.vendor.url" value="http://java.oracle.com/"/>
    <property name="user.timezone" value="Asia/Shanghai"/>
    <property name="java.vm.specification.version" value="1.8"/>
    <property name="os.name" value="Windows 10"/>
    <property name="user.country" value="CN"/>
    <property name="sun.java.launcher" value="SUN_STANDARD"/>
    <property name="sun.boot.library.path" value="D:\jdk1.8\jre\bin"/>
    <property name="sun.java.command" value="C:\Users\xzf\AppData\Local\Temp\surefire1477407713309624500\surefirebooter2156235047150930647.jar C:\Users\xzf\AppData\Local\Temp\surefire1477407713309624500 2023-03-17T11-44-47_840-jvmRun1 surefire7036386456475405991tmp surefire_03521495634371742876tmp"/>
    <property name="surefire.test.class.path" value="D:\spring boot\CampusPart-timeInformationSystem\target\test-classes;D:\spring boot\CampusPart-timeInformationSystem\target\classes;D:\javaweb\apache-maven-3.8.4\maven-repo\org\springframework\boot\spring-boot-starter-data-mongodb\2.7.5\spring-boot-starter-data-mongodb-2.7.5.jar;D:\javaweb\apache-maven-3.8.4\maven-repo\org\springframework\boot\spring-boot-starter\2.7.5\spring-boot-starter-2.7.5.jar;D:\javaweb\apache-maven-3.8.4\maven-repo\org\springframework\boot\spring-boot\2.7.5\spring-boot-2.7.5.jar;D:\javaweb\apache-maven-3.8.4\maven-repo\org\springframework\boot\spring-boot-autoconfigure\2.7.5\spring-boot-autoconfigure-2.7.5.jar;D:\javaweb\apache-maven-3.8.4\maven-repo\org\springframework\boot\spring-boot-starter-logging\2.7.5\spring-boot-starter-logging-2.7.5.jar;D:\javaweb\apache-maven-3.8.4\maven-repo\ch\qos\logback\logback-classic\1.2.11\logback-classic-1.2.11.jar;D:\javaweb\apache-maven-3.8.4\maven-repo\ch\qos\logback\logback-core\1.2.11\logback-core-1.2.11.jar;D:\javaweb\apache-maven-3.8.4\maven-repo\org\apache\logging\log4j\log4j-to-slf4j\2.17.2\log4j-to-slf4j-2.17.2.jar;D:\javaweb\apache-maven-3.8.4\maven-repo\org\apache\logging\log4j\log4j-api\2.17.2\log4j-api-2.17.2.jar;D:\javaweb\apache-maven-3.8.4\maven-repo\org\slf4j\jul-to-slf4j\1.7.36\jul-to-slf4j-1.7.36.jar;D:\javaweb\apache-maven-3.8.4\maven-repo\jakarta\annotation\jakarta.annotation-api\1.3.5\jakarta.annotation-api-1.3.5.jar;D:\javaweb\apache-maven-3.8.4\maven-repo\org\yaml\snakeyaml\1.30\snakeyaml-1.30.jar;D:\javaweb\apache-maven-3.8.4\maven-repo\org\mongodb\mongodb-driver-sync\4.6.1\mongodb-driver-sync-4.6.1.jar;D:\javaweb\apache-maven-3.8.4\maven-repo\org\mongodb\bson\4.6.1\bson-4.6.1.jar;D:\javaweb\apache-maven-3.8.4\maven-repo\org\mongodb\mongodb-driver-core\4.6.1\mongodb-driver-core-4.6.1.jar;D:\javaweb\apache-maven-3.8.4\maven-repo\org\mongodb\bson-record-codec\4.6.1\bson-record-codec-4.6.1.jar;D:\javaweb\apache-maven-3.8.4\maven-repo\org\springframework\data\spring-data-mongodb\3.4.5\spring-data-mongodb-3.4.5.jar;D:\javaweb\apache-maven-3.8.4\maven-repo\org\springframework\spring-tx\5.3.23\spring-tx-5.3.23.jar;D:\javaweb\apache-maven-3.8.4\maven-repo\org\springframework\data\spring-data-commons\2.7.5\spring-data-commons-2.7.5.jar;D:\javaweb\apache-maven-3.8.4\maven-repo\org\slf4j\slf4j-api\1.7.36\slf4j-api-1.7.36.jar;D:\javaweb\apache-maven-3.8.4\maven-repo\org\springframework\boot\spring-boot-starter-test\2.7.5\spring-boot-starter-test-2.7.5.jar;D:\javaweb\apache-maven-3.8.4\maven-repo\org\springframework\boot\spring-boot-test\2.7.5\spring-boot-test-2.7.5.jar;D:\javaweb\apache-maven-3.8.4\maven-repo\org\springframework\boot\spring-boot-test-autoconfigure\2.7.5\spring-boot-test-autoconfigure-2.7.5.jar;D:\javaweb\apache-maven-3.8.4\maven-repo\com\jayway\jsonpath\json-path\2.7.0\json-path-2.7.0.jar;D:\javaweb\apache-maven-3.8.4\maven-repo\net\minidev\json-smart\2.4.8\json-smart-2.4.8.jar;D:\javaweb\apache-maven-3.8.4\maven-repo\net\minidev\accessors-smart\2.4.8\accessors-smart-2.4.8.jar;D:\javaweb\apache-maven-3.8.4\maven-repo\org\ow2\asm\asm\9.1\asm-9.1.jar;D:\javaweb\apache-maven-3.8.4\maven-repo\jakarta\xml\bind\jakarta.xml.bind-api\2.3.3\jakarta.xml.bind-api-2.3.3.jar;D:\javaweb\apache-maven-3.8.4\maven-repo\jakarta\activation\jakarta.activation-api\1.2.2\jakarta.activation-api-1.2.2.jar;D:\javaweb\apache-maven-3.8.4\maven-repo\org\assertj\assertj-core\3.22.0\assertj-core-3.22.0.jar;D:\javaweb\apache-maven-3.8.4\maven-repo\org\hamcrest\hamcrest\2.2\hamcrest-2.2.jar;D:\javaweb\apache-maven-3.8.4\maven-repo\org\junit\jupiter\junit-jupiter\5.8.2\junit-jupiter-5.8.2.jar;D:\javaweb\apache-maven-3.8.4\maven-repo\org\junit\jupiter\junit-jupiter-api\5.8.2\junit-jupiter-api-5.8.2.jar;D:\javaweb\apache-maven-3.8.4\maven-repo\org\opentest4j\opentest4j\1.2.0\opentest4j-1.2.0.jar;D:\javaweb\apache-maven-3.8.4\maven-repo\org\junit\platform\junit-platform-commons\1.8.2\junit-platform-commons-1.8.2.jar;D:\javaweb\apache-maven-3.8.4\maven-repo\org\apiguardian\apiguardian-api\1.1.2\apiguardian-api-1.1.2.jar;D:\javaweb\apache-maven-3.8.4\maven-repo\org\junit\jupiter\junit-jupiter-params\5.8.2\junit-jupiter-params-5.8.2.jar;D:\javaweb\apache-maven-3.8.4\maven-repo\org\junit\jupiter\junit-jupiter-engine\5.8.2\junit-jupiter-engine-5.8.2.jar;D:\javaweb\apache-maven-3.8.4\maven-repo\org\junit\platform\junit-platform-engine\1.8.2\junit-platform-engine-1.8.2.jar;D:\javaweb\apache-maven-3.8.4\maven-repo\org\mockito\mockito-core\4.5.1\mockito-core-4.5.1.jar;D:\javaweb\apache-maven-3.8.4\maven-repo\net\bytebuddy\byte-buddy\1.12.18\byte-buddy-1.12.18.jar;D:\javaweb\apache-maven-3.8.4\maven-repo\net\bytebuddy\byte-buddy-agent\1.12.18\byte-buddy-agent-1.12.18.jar;D:\javaweb\apache-maven-3.8.4\maven-repo\org\objenesis\objenesis\3.2\objenesis-3.2.jar;D:\javaweb\apache-maven-3.8.4\maven-repo\org\mockito\mockito-junit-jupiter\4.5.1\mockito-junit-jupiter-4.5.1.jar;D:\javaweb\apache-maven-3.8.4\maven-repo\org\skyscreamer\jsonassert\1.5.1\jsonassert-1.5.1.jar;D:\javaweb\apache-maven-3.8.4\maven-repo\com\vaadin\external\google\android-json\0.0.20131108.vaadin1\android-json-0.0.20131108.vaadin1.jar;D:\javaweb\apache-maven-3.8.4\maven-repo\org\springframework\spring-core\5.3.23\spring-core-5.3.23.jar;D:\javaweb\apache-maven-3.8.4\maven-repo\org\springframework\spring-jcl\5.3.23\spring-jcl-5.3.23.jar;D:\javaweb\apache-maven-3.8.4\maven-repo\org\springframework\spring-test\5.3.23\spring-test-5.3.23.jar;D:\javaweb\apache-maven-3.8.4\maven-repo\org\xmlunit\xmlunit-core\2.9.0\xmlunit-core-2.9.0.jar;D:\javaweb\apache-maven-3.8.4\maven-repo\org\springframework\boot\spring-boot-starter-thymeleaf\2.7.5\spring-boot-starter-thymeleaf-2.7.5.jar;D:\javaweb\apache-maven-3.8.4\maven-repo\org\thymeleaf\thymeleaf-spring5\3.0.15.RELEASE\thymeleaf-spring5-3.0.15.RELEASE.jar;D:\javaweb\apache-maven-3.8.4\maven-repo\org\thymeleaf\thymeleaf\3.0.15.RELEASE\thymeleaf-3.0.15.RELEASE.jar;D:\javaweb\apache-maven-3.8.4\maven-repo\org\attoparser\attoparser\2.0.5.RELEASE\attoparser-2.0.5.RELEASE.jar;D:\javaweb\apache-maven-3.8.4\maven-repo\org\unbescape\unbescape\1.1.6.RELEASE\unbescape-1.1.6.RELEASE.jar;D:\javaweb\apache-maven-3.8.4\maven-repo\org\thymeleaf\extras\thymeleaf-extras-java8time\3.0.4.RELEASE\thymeleaf-extras-java8time-3.0.4.RELEASE.jar;D:\javaweb\apache-maven-3.8.4\maven-repo\org\springframework\boot\spring-boot-starter-jdbc\2.7.5\spring-boot-starter-jdbc-2.7.5.jar;D:\javaweb\apache-maven-3.8.4\maven-repo\com\zaxxer\HikariCP\4.0.3\HikariCP-4.0.3.jar;D:\javaweb\apache-maven-3.8.4\maven-repo\org\springframework\spring-jdbc\5.3.23\spring-jdbc-5.3.23.jar;D:\javaweb\apache-maven-3.8.4\maven-repo\org\springframework\boot\spring-boot-starter-web\2.7.5\spring-boot-starter-web-2.7.5.jar;D:\javaweb\apache-maven-3.8.4\maven-repo\org\springframework\boot\spring-boot-starter-json\2.7.5\spring-boot-starter-json-2.7.5.jar;D:\javaweb\apache-maven-3.8.4\maven-repo\com\fasterxml\jackson\core\jackson-databind\2.13.4.2\jackson-databind-2.13.4.2.jar;D:\javaweb\apache-maven-3.8.4\maven-repo\com\fasterxml\jackson\core\jackson-annotations\2.13.4\jackson-annotations-2.13.4.jar;D:\javaweb\apache-maven-3.8.4\maven-repo\com\fasterxml\jackson\core\jackson-core\2.13.4\jackson-core-2.13.4.jar;D:\javaweb\apache-maven-3.8.4\maven-repo\com\fasterxml\jackson\datatype\jackson-datatype-jdk8\2.13.4\jackson-datatype-jdk8-2.13.4.jar;D:\javaweb\apache-maven-3.8.4\maven-repo\com\fasterxml\jackson\datatype\jackson-datatype-jsr310\2.13.4\jackson-datatype-jsr310-2.13.4.jar;D:\javaweb\apache-maven-3.8.4\maven-repo\com\fasterxml\jackson\module\jackson-module-parameter-names\2.13.4\jackson-module-parameter-names-2.13.4.jar;D:\javaweb\apache-maven-3.8.4\maven-repo\org\springframework\boot\spring-boot-starter-tomcat\2.7.5\spring-boot-starter-tomcat-2.7.5.jar;D:\javaweb\apache-maven-3.8.4\maven-repo\org\apache\tomcat\embed\tomcat-embed-core\9.0.68\tomcat-embed-core-9.0.68.jar;D:\javaweb\apache-maven-3.8.4\maven-repo\org\apache\tomcat\embed\tomcat-embed-el\9.0.68\tomcat-embed-el-9.0.68.jar;D:\javaweb\apache-maven-3.8.4\maven-repo\org\apache\tomcat\embed\tomcat-embed-websocket\9.0.68\tomcat-embed-websocket-9.0.68.jar;D:\javaweb\apache-maven-3.8.4\maven-repo\org\springframework\spring-web\5.3.23\spring-web-5.3.23.jar;D:\javaweb\apache-maven-3.8.4\maven-repo\org\springframework\spring-webmvc\5.3.23\spring-webmvc-5.3.23.jar;D:\javaweb\apache-maven-3.8.4\maven-repo\com\mysql\mysql-connector-j\8.0.31\mysql-connector-j-8.0.31.jar;D:\javaweb\apache-maven-3.8.4\maven-repo\org\mybatis\spring\boot\mybatis-spring-boot-starter\2.2.0\mybatis-spring-boot-starter-2.2.0.jar;D:\javaweb\apache-maven-3.8.4\maven-repo\org\mybatis\spring\boot\mybatis-spring-boot-autoconfigure\2.2.0\mybatis-spring-boot-autoconfigure-2.2.0.jar;D:\javaweb\apache-maven-3.8.4\maven-repo\org\mybatis\mybatis\3.5.7\mybatis-3.5.7.jar;D:\javaweb\apache-maven-3.8.4\maven-repo\org\mybatis\mybatis-spring\2.0.6\mybatis-spring-2.0.6.jar;D:\javaweb\apache-maven-3.8.4\maven-repo\org\projectlombok\lombok\1.18.24\lombok-1.18.24.jar;D:\javaweb\apache-maven-3.8.4\maven-repo\org\springframework\security\spring-security-web\5.7.4\spring-security-web-5.7.4.jar;D:\javaweb\apache-maven-3.8.4\maven-repo\org\springframework\security\spring-security-core\5.7.4\spring-security-core-5.7.4.jar;D:\javaweb\apache-maven-3.8.4\maven-repo\org\springframework\security\spring-security-crypto\5.7.4\spring-security-crypto-5.7.4.jar;D:\javaweb\apache-maven-3.8.4\maven-repo\org\springframework\spring-aop\5.3.23\spring-aop-5.3.23.jar;D:\javaweb\apache-maven-3.8.4\maven-repo\org\springframework\spring-beans\5.3.23\spring-beans-5.3.23.jar;D:\javaweb\apache-maven-3.8.4\maven-repo\org\springframework\spring-context\5.3.23\spring-context-5.3.23.jar;D:\javaweb\apache-maven-3.8.4\maven-repo\org\springframework\spring-expression\5.3.23\spring-expression-5.3.23.jar;D:\javaweb\apache-maven-3.8.4\maven-repo\com\github\pagehelper\pagehelper-spring-boot-starter\1.4.3\pagehelper-spring-boot-starter-1.4.3.jar;D:\javaweb\apache-maven-3.8.4\maven-repo\com\github\pagehelper\pagehelper-spring-boot-autoconfigure\1.4.3\pagehelper-spring-boot-autoconfigure-1.4.3.jar;D:\javaweb\apache-maven-3.8.4\maven-repo\com\github\pagehelper\pagehelper\5.3.1\pagehelper-5.3.1.jar;D:\javaweb\apache-maven-3.8.4\maven-repo\com\github\jsqlparser\jsqlparser\4.2\jsqlparser-4.2.jar;D:\javaweb\apache-maven-3.8.4\maven-repo\javax\activation\activation\1.1.1\activation-1.1.1.jar;D:\javaweb\apache-maven-3.8.4\maven-repo\org\apache\commons\commons-email\1.4\commons-email-1.4.jar;D:\javaweb\apache-maven-3.8.4\maven-repo\com\sun\mail\javax.mail\1.5.2\javax.mail-1.5.2.jar;D:\javaweb\apache-maven-3.8.4\maven-repo\javax\mail\mail\1.4.1\mail-1.4.1.jar;"/>
    <property name="sun.cpu.endian" value="little"/>
    <property name="user.home" value="C:\Users\xzf"/>
    <property name="user.language" value="zh"/>
    <property name="java.specification.vendor" value="Oracle Corporation"/>
    <property name="java.home" value="D:\jdk1.8\jre"/>
    <property name="basedir" value="D:\spring boot\CampusPart-timeInformationSystem"/>
    <property name="file.separator" value="\"/>
    <property name="line.separator" value="&#10;"/>
    <property name="java.vm.specification.vendor" value="Oracle Corporation"/>
    <property name="java.specification.name" value="Java Platform API Specification"/>
    <property name="java.awt.graphicsenv" value="sun.awt.Win32GraphicsEnvironment"/>
    <property name="surefire.real.class.path" value="C:\Users\xzf\AppData\Local\Temp\surefire1477407713309624500\surefirebooter2156235047150930647.jar"/>
    <property name="sun.boot.class.path" value="D:\jdk1.8\jre\lib\resources.jar;D:\jdk1.8\jre\lib\rt.jar;D:\jdk1.8\jre\lib\sunrsasign.jar;D:\jdk1.8\jre\lib\jsse.jar;D:\jdk1.8\jre\lib\jce.jar;D:\jdk1.8\jre\lib\charsets.jar;D:\jdk1.8\jre\lib\jfr.jar;D:\jdk1.8\jre\classes"/>
    <property name="user.script" value=""/>
    <property name="sun.management.compiler" value="HotSpot 64-Bit Tiered Compilers"/>
    <property name="java.runtime.version" value="1.8.0_131-b11"/>
    <property name="user.name" value="xzf"/>
    <property name="path.separator" value=";"/>
    <property name="os.version" value="10.0"/>
    <property name="java.endorsed.dirs" value="D:\jdk1.8\jre\lib\endorsed"/>
    <property name="java.runtime.name" value="Java(TM) SE Runtime Environment"/>
    <property name="file.encoding" value="GBK"/>
    <property name="java.vm.name" value="Java HotSpot(TM) 64-Bit Server VM"/>
    <property name="localRepository" value="D:\javaweb\apache-maven-3.8.4\maven-repo"/>
    <property name="java.vendor.url.bug" value="http://bugreport.sun.com/bugreport/"/>
    <property name="java.io.tmpdir" value="C:\Users\xzf\AppData\Local\Temp\"/>
    <property name="idea.version" value="2022.1"/>
    <property name="java.version" value="1.8.0_131"/>
    <property name="user.dir" value="D:\spring boot\CampusPart-timeInformationSystem"/>
    <property name="os.arch" value="amd64"/>
    <property name="java.vm.specification.name" value="Java Virtual Machine Specification"/>
    <property name="java.awt.printerjob" value="sun.awt.windows.WPrinterJob"/>
    <property name="sun.os.patch.level" value=""/>
    <property name="java.library.path" value="D:\jdk1.8\jre\bin;C:\WINDOWS\Sun\Java\bin;C:\WINDOWS\system32;C:\WINDOWS;D:\ruanjiangonju\bin\;C:\Program Files\PlasticSCM5\server;C:\Program Files\PlasticSCM5\client;D:\jdk1.8\bin;C:\Windows\system32;C:\Windows;C:\Windows\System32\Wbem;C:\Windows\System32\WindowsPowerShell\v1.0\;C:\Windows\System32\OpenSSH\;D:\MATLAB2020 a\matlab R2020a\runtime\win64;D:\MATLAB2020 a\matlab R2020a\bin;D:\MATLAB2020 a\matlab R2020a\polyspace\bin;C:\WINDOWS\system32;C:\WINDOWS;C:\WINDOWS\System32\Wbem;C:\WINDOWS\System32\WindowsPowerShell\v1.0\;C:\WINDOWS\System32\OpenSSH\;C:\Users\xzf\AppData\Local\Android\Sdk\platform-tools\;C:\sqlite;D:\ruanjiangonju\mysql-5.7.34-winx64\mysql-5.7.34-winx64\bin;D:\javaweb\apache-maven-3.8.4\bin;&quot;;D:\eclipse ee\apache-tomcat-9.0.41\apache-tomcat-9.0.41\bin;D:\eclipse ee\apache-tomcat-9.0.41\apache-tomcat-9.0.41\lib&quot;;D:\Vue\node\;D:\Git\Git\cmd;D:\Git\TortoiseGit\bin;D:\sorf\Xftp\;D:\sorf\Xshell\;D:\python;D:\sorf\erl10.3\bin;D:\HaiXi\Environment\Svn\bin;D:\Python38\Scripts\;D:\Python38\;C:\Users\xzf\AppData\Local\Microsoft\WindowsApps;C:\Program Files\Bandizip\;D:\jer\bin;C:\Program Files\JetBrains\WebStorm 2019.3.3\bin;;C:\Users\xzf\AppData\Local\Android\Sdk\platform-tools;;D:\ruanjiangonju\idea20190.3.3\IntelliJ IDEA Community Edition 2019.3.3\bin;;D:\IDEA\IntelliJ IDEA 2021.2.4\bin;;C:\Users\xzf\AppData\Roaming\npm;D:\bishe\Microsoft VS Code\bin;."/>
    <property name="java.vm.info" value="mixed mode"/>
    <property name="java.vendor" value="Oracle Corporation"/>
    <property name="java.vm.version" value="25.131-b11"/>
    <property name="java.ext.dirs" value="D:\jdk1.8\jre\lib\ext;C:\WINDOWS\Sun\Java\lib\ext"/>
    <property name="sun.io.unicode.encoding" value="UnicodeLittle"/>
    <property name="java.class.version" value="52.0"/>
  </properties>
  <testcase name="contextLoads" classname="com.xzf.springboot.CampusPartTimeInformationSystemApplicationTests" time="0.245"/>
</testsuite>